#-----------------------------------------------------------
# Vivado v2017.4 (64-bit)
# SW Build 2086221 on Fri Dec 15 20:55:39 MST 2017
# IP Build 2085800 on Fri Dec 15 22:25:07 MST 2017
# Start of session at: Mon May 20 20:13:56 2024
# Process ID: 14572
# Current directory: E:/vivado/code/CPU
# Command line: vivado.exe -gui_launcher_event rodinguilauncherevent29112 E:\vivado\code\CPU\CPU.xpr
# Log file: E:/vivado/code/CPU/vivado.log
# Journal file: E:/vivado/code/CPU\vivado.jou
#-----------------------------------------------------------
start_gui
open_project E:/vivado/code/CPU/CPU.xpr
Scanning sources...
Finished scanning sources
INFO: [IP_Flow 19-234] Refreshing IP repositories
INFO: [IP_Flow 19-1700] Loaded user IP repository 'e:/vivado/code/CPU/SEU_CSE_507_user_uart_bmpg_1.3'.
INFO: [IP_Flow 19-2313] Loaded Vivado IP repository 'E:/vivado/Vivado/2017.4/data/ip'.
open_project: Time (s): cpu = 00:00:02 ; elapsed = 00:00:06 . Memory (MB): peak = 771.648 ; gain = 35.660
update_compile_order -fileset sources_1
reset_run synth_1
launch_runs synth_1 -jobs 10
INFO: [Vivado 12-4149] The synthesis checkpoint for IP 'E:/vivado/code/CPU/CPU.srcs/sources_1/ip/uart_bmpg_0_2/uart_bmpg_0.xci' is already up-to-date
[Mon May 20 20:14:22 2024] Launched synth_1...
Run output will be captured here: E:/vivado/code/CPU/CPU.runs/synth_1/runme.log
update_compile_order -fileset sources_1
reset_run synth_1
launch_runs synth_1 -jobs 10
INFO: [Vivado 12-4149] The synthesis checkpoint for IP 'E:/vivado/code/CPU/CPU.srcs/sources_1/ip/uart_bmpg_0_2/uart_bmpg_0.xci' is already up-to-date
[Mon May 20 20:19:41 2024] Launched synth_1...
Run output will be captured here: E:/vivado/code/CPU/CPU.runs/synth_1/runme.log
launch_runs impl_1 -jobs 10
INFO: [Vivado 12-4149] The synthesis checkpoint for IP 'E:/vivado/code/CPU/CPU.srcs/sources_1/ip/uart_bmpg_0_2/uart_bmpg_0.xci' is already up-to-date
[Mon May 20 20:21:06 2024] Launched impl_1...
Run output will be captured here: E:/vivado/code/CPU/CPU.runs/impl_1/runme.log
reset_run impl_1
WARNING: [Vivado 12-1017] Problems encountered:
1. PID not specified

launch_runs impl_1 -jobs 10
INFO: [Vivado 12-4149] The synthesis checkpoint for IP 'E:/vivado/code/CPU/CPU.srcs/sources_1/ip/uart_bmpg_0_2/uart_bmpg_0.xci' is already up-to-date
[Mon May 20 20:21:13 2024] Launched impl_1...
Run output will be captured here: E:/vivado/code/CPU/CPU.runs/impl_1/runme.log
open_run impl_1
INFO: [Netlist 29-17] Analyzing 30 Unisim elements for replacement
INFO: [Netlist 29-28] Unisim Transformation completed in 0 CPU seconds
INFO: [Project 1-479] Netlist was created with Vivado 2017.4
INFO: [Device 21-403] Loading part xc7a35tcsg324-1
INFO: [Project 1-570] Preparing netlist for logic optimization
Parsing XDC File [E:/vivado/code/CPU/.Xil/Vivado-14572-Aurora/dcp4/top_board.xdc]
Finished Parsing XDC File [E:/vivado/code/CPU/.Xil/Vivado-14572-Aurora/dcp4/top_board.xdc]
Parsing XDC File [E:/vivado/code/CPU/.Xil/Vivado-14572-Aurora/dcp4/top_early.xdc]
INFO: [Timing 38-35] Done setting XDC timing constraints. [E:/vivado/code/CPU/CPU.srcs/sources_1/ip/cpuclk/cpuclk.xdc:57]
INFO: [Timing 38-2] Deriving generated clocks [E:/vivado/code/CPU/CPU.srcs/sources_1/ip/cpuclk/cpuclk.xdc:57]
get_clocks: Time (s): cpu = 00:00:04 ; elapsed = 00:00:07 . Memory (MB): peak = 1726.582 ; gain = 564.941
Finished Parsing XDC File [E:/vivado/code/CPU/.Xil/Vivado-14572-Aurora/dcp4/top_early.xdc]
Parsing XDC File [E:/vivado/code/CPU/.Xil/Vivado-14572-Aurora/dcp4/top.xdc]
Finished Parsing XDC File [E:/vivado/code/CPU/.Xil/Vivado-14572-Aurora/dcp4/top.xdc]
Reading XDEF placement.
Reading placer database...
Reading XDEF routing.
Read XDEF File: Time (s): cpu = 00:00:00 ; elapsed = 00:00:00.033 . Memory (MB): peak = 1726.844 ; gain = 0.262
Restored from archive | CPU: 0.000000 secs | Memory: 0.000000 MB |
Finished XDEF File Restore: Time (s): cpu = 00:00:00 ; elapsed = 00:00:00.033 . Memory (MB): peak = 1726.844 ; gain = 0.262
INFO: [Project 1-111] Unisim Transformation Summary:
No Unisim elements were transformed.

open_run: Time (s): cpu = 00:00:11 ; elapsed = 00:00:16 . Memory (MB): peak = 1881.273 ; gain = 1032.453
launch_runs impl_1 -to_step write_bitstream -jobs 10
INFO: [Vivado 12-4149] The synthesis checkpoint for IP 'E:/vivado/code/CPU/CPU.srcs/sources_1/ip/uart_bmpg_0_2/uart_bmpg_0.xci' is already up-to-date
[Mon May 20 20:23:06 2024] Launched impl_1...
Run output will be captured here: E:/vivado/code/CPU/CPU.runs/impl_1/runme.log
