Copyright 1986-2017 Xilinx, Inc. All Rights Reserved.
------------------------------------------------------------------------------------
| Tool Version : Vivado v.2017.4 (win64) Build 2086221 Fri Dec 15 20:55:39 MST 2017
| Date         : Wed May 22 10:24:00 2024
| Host         : LAPTOP-14CM3F3C running 64-bit major release  (build 9200)
| Command      : report_control_sets -verbose -file top_control_sets_placed.rpt
| Design       : top
| Device       : xc7a35t
------------------------------------------------------------------------------------

Control Set Information

Table of Contents
-----------------
1. Summary
2. Flip-Flop Distribution
3. Detailed Control Set Information

1. Summary
----------

+----------------------------------------------------------+-------+
|                          Status                          | Count |
+----------------------------------------------------------+-------+
| Number of unique control sets                            |    55 |
| Unused register locations in slices containing registers |   191 |
+----------------------------------------------------------+-------+


2. Flip-Flop Distribution
-------------------------

+--------------+-----------------------+------------------------+-----------------+--------------+
| Clock Enable | Synchronous Set/Reset | Asynchronous Set/Reset | Total Registers | Total Slices |
+--------------+-----------------------+------------------------+-----------------+--------------+
| No           | No                    | No                     |             378 |          111 |
| No           | No                    | Yes                    |              18 |           11 |
| No           | Yes                   | No                     |             119 |           41 |
| Yes          | No                    | No                     |              22 |            9 |
| Yes          | No                    | Yes                    |             322 |           95 |
| Yes          | Yes                   | No                     |              38 |           15 |
+--------------+-----------------------+------------------------+-----------------+--------------+


3. Detailed Control Set Information
-----------------------------------

+----------------------------------------------+-------------------------------------------------------------------------------------------------------------------------+----------------------------------------------------------------------------------------------------------------------------------+------------------+----------------+
|                 Clock Signal                 |                                                      Enable Signal                                                      |                                                         Set/Reset Signal                                                         | Slice Load Count | Bel Load Count |
+----------------------------------------------+-------------------------------------------------------------------------------------------------------------------------+----------------------------------------------------------------------------------------------------------------------------------+------------------+----------------+
|  uart_inst/inst/upg_inst/upg_clk_i_IBUF_BUFG | uart_inst/inst/upg_inst/upg_done_o_i_1_n_0                                                                              | upg_rst                                                                                                                          |                1 |              1 |
| ~clk1/inst/cpu_clk                           |                                                                                                                         | segs_inst/AR[0]                                                                                                                  |                1 |              1 |
|  segs_inst/num7_reg[1]_LDC_i_1_n_0           |                                                                                                                         | segs_inst/num7_reg[1]_LDC_i_2_n_0                                                                                                |                1 |              1 |
|  segs_inst/num7_reg[1]_LDC_i_2_n_0           |                                                                                                                         | segs_inst/num7_reg[1]_LDC_i_1_n_0                                                                                                |                1 |              1 |
|  clk_IBUF                                    |                                                                                                                         |                                                                                                                                  |                1 |              1 |
|  uart_inst/inst/upg_inst/rdStat_BUFG         | uart_inst/inst/upg_inst/upg_wen_o2_out                                                                                  | upg_rst                                                                                                                          |                1 |              1 |
|  clk1/inst/cpu_clk                           |                                                                                                                         | segs_inst/num7_reg[1]_LDC_i_1_n_0                                                                                                |                1 |              2 |
|  clk1/inst/cpu_clk                           |                                                                                                                         | segs_inst/num7_reg[1]_LDC_i_2_n_0                                                                                                |                1 |              2 |
|  uart_inst/inst/upg_inst/rdStat_BUFG         |                                                                                                                         | upg_rst                                                                                                                          |                2 |              2 |
|  rom_inst/rom_inst_i_1_n_0                   |                                                                                                                         |                                                                                                                                  |                2 |              2 |
|  vga_clk                                     |                                                                                                                         | vgas_inst/char_0/col3_reg[2]_0                                                                                                   |                1 |              2 |
|  vga_clk                                     |                                                                                                                         | vgas_inst/let0[3]                                                                                                                |                2 |              2 |
|  uart_inst/inst/upg_inst/upg_clk_i_IBUF_BUFG | uart_inst/inst/upg_inst/s_axi_wdata                                                                                     |                                                                                                                                  |                2 |              3 |
|  clk1/inst/cpu_clk                           |                                                                                                                         |                                                                                                                                  |                2 |              4 |
|  uart_inst/inst/upg_inst/upg_clk_i_IBUF_BUFG | uart_inst/inst/upg_inst/s_axi_wdata                                                                                     | uart_inst/inst/upg_inst/s_axi_wdata[6]_i_1_n_0                                                                                   |                3 |              4 |
|  vga_clk                                     |                                                                                                                         | vgas_inst/num0[3]                                                                                                                |                3 |              4 |
|  uart_inst/inst/upg_inst/upg_clk_i_IBUF_BUFG | uart_inst/inst/upg_inst/axi_uart_inst/U0/AXI_LITE_IPIF_I/I_SLAVE_ATTACHMENT/start2                                      | uart_inst/inst/upg_inst/axi_uart_inst/U0/AXI_LITE_IPIF_I/I_SLAVE_ATTACHMENT/I_DECODER/cs_ce_clr                                  |                1 |              4 |
|  uart_inst/inst/upg_inst/upg_clk_i_IBUF_BUFG | uart_inst/inst/upg_inst/axi_uart_inst/U0/UARTLITE_CORE_I/BAUD_RATE_I/en_16x_Baud                                        |                                                                                                                                  |                2 |              4 |
|  vga_clk                                     |                                                                                                                         | vgas_inst/let0[4]                                                                                                                |                3 |              5 |
|  uart_inst/inst/upg_inst/upg_clk_i_IBUF_BUFG |                                                                                                                         | uart_inst/inst/upg_inst/axi_uart_inst/U0/UARTLITE_CORE_I/UARTLITE_TX_I/SRL_FIFO_I/I_SRL_FIFO_RBU_F/CNTR_INCR_DECR_ADDN_F_I/SS[0] |                2 |              6 |
|  uart_inst/inst/upg_inst/upg_clk_i_IBUF_BUFG |                                                                                                                         | uart_inst/inst/upg_inst/axi_uart_inst/U0/UARTLITE_CORE_I/UARTLITE_RX_I/SRL_FIFO_I/I_SRL_FIFO_RBU_F/CNTR_INCR_DECR_ADDN_F_I/SS[0] |                2 |              6 |
|  vga_clk                                     |                                                                                                                         | vgas_inst/num1[3]                                                                                                                |                2 |              6 |
|  vga_clk                                     |                                                                                                                         | vgas_inst/num3[3]                                                                                                                |                1 |              6 |
|  vga_clk                                     |                                                                                                                         | vgas_inst/num2[3]                                                                                                                |                2 |              6 |
|  vga_clk                                     |                                                                                                                         | vgas_inst/num4[3]                                                                                                                |                1 |              6 |
|  uart_inst/inst/upg_inst/upg_clk_i_IBUF_BUFG | uart_inst/inst/upg_inst/axi_uart_inst/U0/AXI_LITE_IPIF_I/I_SLAVE_ATTACHMENT/I_DECODER/fifo_wr                           |                                                                                                                                  |                1 |              7 |
|  segs_inst/seg_out2_reg[7]_i_2_n_0           |                                                                                                                         |                                                                                                                                  |                2 |              7 |
|  segs_inst/seg_out1_reg[7]_i_2_n_0           |                                                                                                                         |                                                                                                                                  |                2 |              7 |
|  uart_inst/inst/upg_inst/upg_clk_i_IBUF_BUFG |                                                                                                                         | uart_inst/inst/upg_inst/axi_uart_inst/U0/AXI_LITE_IPIF_I/I_SLAVE_ATTACHMENT/rst                                                  |                3 |              8 |
|  uart_inst/inst/upg_inst/upg_clk_i_IBUF_BUFG | uart_inst/inst/upg_inst/msg_indx[7]_i_1_n_0                                                                             | upg_rst                                                                                                                          |                3 |              8 |
|  uart_inst/inst/upg_inst/upg_clk_i_IBUF_BUFG | uart_inst/inst/upg_inst/uart_rdat                                                                                       |                                                                                                                                  |                2 |              8 |
|  uart_inst/inst/upg_inst/upg_clk_i_IBUF_BUFG | uart_inst/inst/upg_inst/axi_uart_inst/U0/UARTLITE_CORE_I/UARTLITE_RX_I/SRL_FIFO_I/I_SRL_FIFO_RBU_F/DYNSHREG_F_I/fifo_wr |                                                                                                                                  |                1 |              8 |
|  segs_inst/divclk                            |                                                                                                                         | segs_inst/disp_bit[1]                                                                                                            |                2 |              8 |
|  uart_inst/inst/upg_inst/upg_clk_i_IBUF_BUFG | uart_inst/inst/upg_inst/axi_uart_inst/U0/AXI_LITE_IPIF_I/I_SLAVE_ATTACHMENT/s_axi_rdata_i                               | uart_inst/inst/upg_inst/axi_uart_inst/U0/AXI_LITE_IPIF_I/I_SLAVE_ATTACHMENT/rst                                                  |                4 |              8 |
|  uart_inst/inst/upg_inst/rdStat_BUFG         | uart_inst/inst/upg_inst/s_axi_aresetn0                                                                                  | upg_rst                                                                                                                          |                4 |              8 |
|  uart_inst/inst/upg_inst/rdStat_BUFG         | uart_inst/inst/upg_inst/byte_len[7]_i_1_n_0                                                                             | upg_rst                                                                                                                          |                2 |              9 |
|  vga_clk                                     | rom_inst/wdata_reg[0][0]                                                                                                |                                                                                                                                  |                4 |              9 |
|  uart_inst/inst/upg_inst/upg_clk_i_IBUF_BUFG | uart_inst/inst/upg_inst/axi_uart_inst/U0/UARTLITE_CORE_I/BAUD_RATE_I/en_16x_Baud                                        | upg_rst                                                                                                                          |                4 |             10 |
|  vga_clk                                     |                                                                                                                         | vgas_inst/hcount_ov                                                                                                              |                3 |             12 |
|  vga_clk                                     | vgas_inst/hcount_ov                                                                                                     | vgas_inst/vcount                                                                                                                 |                3 |             12 |
|  segs_inst/divclk                            |                                                                                                                         |                                                                                                                                  |                9 |             15 |
|  clk_IBUF                                    | rom_inst/led_reg[0]_17[0]                                                                                               | segs_inst/AR[0]                                                                                                                  |                4 |             16 |
|  uart_inst/inst/upg_inst/upg_clk_i_IBUF_BUFG | uart_inst/inst/upg_inst/rwait_cnt[15]_i_1_n_0                                                                           | upg_rst                                                                                                                          |                4 |             16 |
| ~clk1/inst/cpu_clk                           | rom_inst/switchrdata_reg[0][0]                                                                                          | segs_inst/AR[0]                                                                                                                  |                4 |             16 |
|  uart_inst/inst/upg_inst/upg_clk_i_IBUF_BUFG | uart_inst/inst/upg_inst/wwait_cnt[15]_i_1_n_0                                                                           | upg_rst                                                                                                                          |                4 |             16 |
|  clk1/inst/cpu_clk                           |                                                                                                                         | segs_inst/divclk_0                                                                                                               |                5 |             18 |
|  uart_inst/inst/upg_inst/upg_clk_i_IBUF_BUFG |                                                                                                                         |                                                                                                                                  |                9 |             20 |
|  vga_clk                                     | rom_inst/num0_reg[3][0]                                                                                                 | segs_inst/AR[0]                                                                                                                  |               11 |             20 |
|  clk1/inst/cpu_clk                           | rom_inst/E[0]                                                                                                           | segs_inst/AR[0]                                                                                                                  |                8 |             23 |
|  uart_inst/inst/upg_inst/upg_clk_i_IBUF_BUFG |                                                                                                                         | upg_rst                                                                                                                          |               13 |             33 |
|  uart_inst/inst/upg_inst/rdStat_BUFG         | uart_inst/inst/upg_inst/byte_num                                                                                        | upg_rst                                                                                                                          |                8 |             36 |
|  uart_inst/inst/upg_inst/rdStat_BUFG         | uart_inst/inst/upg_inst/upg_adr_o[14]_i_1_n_0                                                                           | upg_rst                                                                                                                          |               15 |             47 |
|  uart_inst/inst/upg_inst/rdStat_BUFG         | uart_inst/inst/upg_inst/wr_byte_num_done                                                                                | upg_rst                                                                                                                          |               12 |             49 |
|  uart_inst/inst/upg_inst/rdStat_BUFG         | uart_inst/inst/upg_inst/byte_cnt                                                                                        | upg_rst                                                                                                                          |               14 |             56 |
|  vga_clk                                     |                                                                                                                         |                                                                                                                                  |               84 |            322 |
+----------------------------------------------+-------------------------------------------------------------------------------------------------------------------------+----------------------------------------------------------------------------------------------------------------------------------+------------------+----------------+


+--------+-----------------------+
| Fanout | Number of ControlSets |
+--------+-----------------------+
| 1      |                     6 |
| 2      |                     6 |
| 3      |                     1 |
| 4      |                     5 |
| 5      |                     1 |
| 6      |                     6 |
| 7      |                     3 |
| 8      |                     7 |
| 9      |                     2 |
| 10     |                     1 |
| 12     |                     2 |
| 15     |                     1 |
| 16+    |                    14 |
+--------+-----------------------+


